<?xml version="1.0" encoding="UTF-8"?>
<!-- Generated by org.testng.reporters.JUnitXMLReporter -->
<testsuite ignored="0" hostname="LAPTOP-SAHP40V1" failures="0" tests="4" name="Test1" time="0.037" errors="0" timestamp="2022-07-31T08:12:17 IST">
  <testcase classname="package17.Test2" name="test2xyz" time="0.002"/>
  <testcase classname="package17.Test3" name="test3xyz" time="0.003"/>
  <testcase classname="package17.Test1" name="testA" time="0.003"/>
  <testcase classname="package17.Test1" name="testB" time="0.003"/>
</testsuite> <!-- Test1 -->
